Thu, 27 Jun 2024 05:11:51 GMT	GET	/api/bank/*	localhost:3333	undefined
Thu, 27 Jun 2024 05:12:03 GMT	GET	/api/bank/*	localhost:3333	undefined
Thu, 27 Jun 2024 05:16:30 GMT	GET	/api/bank/s	localhost:3333	undefined
Thu, 27 Jun 2024 05:16:41 GMT	GET	/api/bank/ll	localhost:3333	undefined
Thu, 27 Jun 2024 05:16:43 GMT	GET	/api/bank/*	localhost:3333	undefined
Thu, 27 Jun 2024 05:17:13 GMT	GET	/api/bank/6	localhost:3333	undefined
Thu, 27 Jun 2024 05:29:47 GMT	GET	/api/bank/	localhost:3333	undefined
Thu, 27 Jun 2024 05:29:55 GMT	GET	/api/bank/get	localhost:3333	undefined
Thu, 27 Jun 2024 05:32:37 GMT	GET	/api/bank/get	localhost:3333	undefined
Thu, 27 Jun 2024 05:33:10 GMT	GET	/api/bank/get	localhost:3333	undefined
Thu, 27 Jun 2024 05:33:29 GMT	GET	/api/bank/	localhost:3333	undefined
Thu, 27 Jun 2024 05:33:44 GMT	GET	/api/bank/getAllBank	localhost:3333	undefined
Thu, 27 Jun 2024 05:34:52 GMT	GET	/api/bank/getAllBank	localhost:3333	Error: Path not found
    at D:\React\CBIT\cashflowBackend\app.js:22:11
    at catchError (D:\React\CBIT\cashflowBackend\middleware\CatchAsync.js:4:7)
    at Layer.handle [as handle_request] (D:\React\CBIT\cashflowBackend\node_modules\express\lib\router\layer.js:95:5)
    at trim_prefix (D:\React\CBIT\cashflowBackend\node_modules\express\lib\router\index.js:328:13)
    at D:\React\CBIT\cashflowBackend\node_modules\express\lib\router\index.js:286:9
    at param (D:\React\CBIT\cashflowBackend\node_modules\express\lib\router\index.js:365:14)
    at param (D:\React\CBIT\cashflowBackend\node_modules\express\lib\router\index.js:376:14)
    at Function.process_params (D:\React\CBIT\cashflowBackend\node_modules\express\lib\router\index.js:421:3)
    at next (D:\React\CBIT\cashflowBackend\node_modules\express\lib\router\index.js:280:10)
    at jsonParser (D:\React\CBIT\cashflowBackend\node_modules\body-parser\lib\types\json.js:113:7)	Path not found	Error
Thu, 27 Jun 2024 06:14:51 GMT	POST	/api/wallet/createWallet	localhost:3333	SyntaxError: Expected double-quoted property name in JSON at position 18
    at JSON.parse (<anonymous>)
    at parse (D:\React\CBIT\cashflowBackend\node_modules\body-parser\lib\types\json.js:92:19)
    at D:\React\CBIT\cashflowBackend\node_modules\body-parser\lib\read.js:128:18
    at AsyncResource.runInAsyncScope (node:async_hooks:206:9)
    at invokeCallback (D:\React\CBIT\cashflowBackend\node_modules\raw-body\index.js:238:16)
    at done (D:\React\CBIT\cashflowBackend\node_modules\raw-body\index.js:227:7)
    at IncomingMessage.onEnd (D:\React\CBIT\cashflowBackend\node_modules\raw-body\index.js:287:7)
    at IncomingMessage.emit (node:events:512:28)
    at endReadableNT (node:internal/streams/readable:1378:12)
    at process.processTicksAndRejections (node:internal/process/task_queues:82:21)	Expected double-quoted property name in JSON at position 18	SyntaxError
Fri, 28 Jun 2024 12:12:13 GMT	POST	/api/user/login	localhost:3000	SyntaxError: Expected double-quoted property name in JSON at position 64
    at JSON.parse (<anonymous>)
    at parse (/home/englishcha/Documents/CIBT/cashflow-backend/node_modules/body-parser/lib/types/json.js:92:19)
    at /home/englishcha/Documents/CIBT/cashflow-backend/node_modules/body-parser/lib/read.js:128:18
    at AsyncResource.runInAsyncScope (node:async_hooks:206:9)
    at invokeCallback (/home/englishcha/Documents/CIBT/cashflow-backend/node_modules/raw-body/index.js:238:16)
    at done (/home/englishcha/Documents/CIBT/cashflow-backend/node_modules/raw-body/index.js:227:7)
    at IncomingMessage.onEnd (/home/englishcha/Documents/CIBT/cashflow-backend/node_modules/raw-body/index.js:287:7)
    at IncomingMessage.emit (node:events:519:28)
    at endReadableNT (node:internal/streams/readable:1696:12)
    at process.processTicksAndRejections (node:internal/process/task_queues:82:21)	Expected double-quoted property name in JSON at position 64	SyntaxError
