Thu, 27 Jun 2024 04:37:11 GMT	GET	/	undefined
Thu, 27 Jun 2024 04:37:56 GMT	GET	/	undefined
Thu, 27 Jun 2024 04:38:30 GMT	User tries to login
Thu, 27 Jun 2024 04:38:45 GMT	User tries to login
Thu, 27 Jun 2024 04:39:26 GMT	GET	/api/bank	undefined
Thu, 27 Jun 2024 04:39:54 GMT	GET	/api/bank	[object Object]
Thu, 27 Jun 2024 04:40:27 GMT	GET	/api/bank	undefined
Thu, 27 Jun 2024 04:40:40 GMT	GET	/api/bank	undefined
Thu, 27 Jun 2024 04:40:51 GMT	GET	/api/bank	undefined
Thu, 27 Jun 2024 04:40:59 GMT	GET	/api/bank	undefined
Thu, 27 Jun 2024 04:48:31 GMT	GET	/api/bank	undefined
Thu, 27 Jun 2024 04:48:38 GMT	GET	/api/s	undefined
Thu, 27 Jun 2024 04:49:05 GMT	GET	/api/s	undefined
Thu, 27 Jun 2024 05:06:15 GMT	GET	/	undefined
Thu, 27 Jun 2024 05:06:56 GMT	GET	/	undefined
Thu, 27 Jun 2024 05:08:46 GMT	GET	/	undefined
Thu, 27 Jun 2024 05:10:39 GMT	GET	/	undefined
Thu, 27 Jun 2024 05:10:40 GMT	GET	/	undefined
Thu, 27 Jun 2024 05:11:15 GMT	GET	/	undefined
Thu, 27 Jun 2024 05:11:22 GMT	GET	/api/bank	undefined
Thu, 27 Jun 2024 05:11:32 GMT	GET	/api/bank/*	undefined
Thu, 27 Jun 2024 05:11:51 GMT	GET	/api/bank/*	undefined
Thu, 27 Jun 2024 05:12:03 GMT	GET	/api/bank/*	undefined
Thu, 27 Jun 2024 05:12:15 GMT	GET	/api/bank/*	undefined
Thu, 27 Jun 2024 05:14:41 GMT	GET	/api/bank/*	undefined
Thu, 27 Jun 2024 05:14:45 GMT	GET	/api/bank/*	undefined
Thu, 27 Jun 2024 05:15:36 GMT	GET	/api/bank/*	undefined
Thu, 27 Jun 2024 05:16:08 GMT	GET	/	undefined
Thu, 27 Jun 2024 05:16:15 GMT	GET	/api/bank	undefined
Thu, 27 Jun 2024 05:16:26 GMT	GET	/api/wallet	undefined
Thu, 27 Jun 2024 05:16:30 GMT	GET	/api/bank/s	undefined
Thu, 27 Jun 2024 05:16:41 GMT	GET	/api/bank/ll	undefined
Thu, 27 Jun 2024 05:16:43 GMT	GET	/api/bank/*	undefined
Thu, 27 Jun 2024 05:16:47 GMT	GET	/api/bank*	undefined
Thu, 27 Jun 2024 05:17:07 GMT	GET	/api/bank*	undefined
Thu, 27 Jun 2024 05:17:08 GMT	GET	/api/bank*	undefined
Thu, 27 Jun 2024 05:17:09 GMT	GET	/api/bank*	undefined
Thu, 27 Jun 2024 05:17:09 GMT	GET	/api/bank*	undefined
Thu, 27 Jun 2024 05:17:09 GMT	GET	/api/bank*	undefined
Thu, 27 Jun 2024 05:17:09 GMT	GET	/api/bank*	undefined
Thu, 27 Jun 2024 05:17:13 GMT	GET	/api/bank/6	undefined
Thu, 27 Jun 2024 10:41:47 GMT	GET	/	undefined
Thu, 27 Jun 2024 10:45:03 GMT	GET	/	undefined
Thu, 27 Jun 2024 11:14:05 GMT	GET	/	undefined
Thu, 27 Jun 2024 11:14:11 GMT	GET	/	undefined
Sun, 30 Jun 2024 14:38:18 GMT	POST	/getAllBank	undefined
Mon, 01 Jul 2024 06:07:06 GMT	GET	/getAllBank	undefined
Mon, 01 Jul 2024 13:54:19 GMT	GET	/getAllBank	undefined
Mon, 01 Jul 2024 14:27:01 GMT	GET	/1	undefined
